#
# A fatal error has been detected by the Java Runtime Environment:
#
#  EXCEPTION_ACCESS_VIOLATION (0xc0000005) at pc=0x000000006dc779d9, pid=6020, tid=0x00000000000009b8
#
# JRE version: OpenJDK Runtime Environment (8.0_112-b06) (build 1.8.0_112-release-b06)
# Java VM: OpenJDK 64-Bit Server VM (25.112-b06 mixed mode windows-amd64 compressed oops)
# Problematic frame:
# V  [jvm.dll+0x4d79d9]
#
# Failed to write core dump. Minidumps are not enabled by default on client versions of Windows
#
# If you would like to submit a bug report, please visit:
#   http://bugreport.java.com/bugreport/crash.jsp
#

---------------  T H R E A D  ---------------

Current thread (0x00000000075e2000):  JavaThread "C2 CompilerThread1" daemon [_thread_in_native, id=2488, stack(0x0000000008ec0000,0x0000000008fc0000)]

siginfo: ExceptionCode=0xc0000005, reading address 0x00000000de023b6c

Registers:
RAX=0xffffffffffffffff, RBX=0x0000000061619540, RCX=0x0000000000000000, RDX=0x0000000000000026
RSP=0x0000000008fbbfe0, RBP=0x0000000000000000, RSI=0x0000000000000020, RDI=0x00000000de023b50
R8 =0x000000005e023fd0, R9 =0x000000005e297668, R10=0x0000000064b10388, R11=0x000000000e072e38
R12=0x0000000000000000, R13=0x000000005e297700, R14=0x000000000b4b13c8, R15=0x000000005e297668
RIP=0x000000006dc779d9, EFLAGS=0x0000000000010246

Top of Stack: (sp=0x0000000008fbbfe0)
0x0000000008fbbfe0:   0000000061619540 0000000000000001
0x0000000008fbbff0:   0000000000000008 000000006dc4199a
0x0000000008fbc000:   000000005f920678 000000000b4b13c8
0x0000000008fbc010:   0000000008fbc720 0000000000000020
0x0000000008fbc020:   0000000000000018 000000006dc7d490
0x0000000008fbc030:   0000000008fbc130 0000000000000006
0x0000000008fbc040:   000000005f920668 0000000000000019
0x0000000008fbc050:   000000000000280d 00000000000027f2
0x0000000008fbc060:   000000000e24f501 0000000008fbc200
0x0000000008fbc070:   0000000008fbc270 0000000000000006
0x0000000008fbc080:   0000000000000006 000000005f920668
0x0000000008fbc090:   0000000000000001 0000000000000001
0x0000000008fbc0a0:   000000005f214100 0000000100000020
0x0000000008fbc0b0:   000025dc00000000 0000000008fbc400
0x0000000008fbc0c0:   000000000000000f 000000000b0b8fe0
0x0000000008fbc0d0:   0000000000000003 000025dc00000020 

Instructions: (pc=0x000000006dc779d9)
0x000000006dc779b9:   6c 24 50 48 89 74 24 58 48 89 7c 24 60 4c 89 64
0x000000006dc779c9:   24 20 0f 1f 44 00 00 49 8b 7d 00 33 ed 45 33 e4
0x000000006dc779d9:   39 6f 1c 0f 86 b8 00 00 00 33 f6 4c 8b 47 08 49
0x000000006dc779e9:   8b 0c 30 49 3b ce 0f 85 96 00 00 00 3b 6f 18 73 


Register to memory mapping:

RAX=0xffffffffffffffff is an unknown value
RBX=0x0000000061619540 is an unknown value
RCX=0x0000000000000000 is an unknown value
RDX=0x0000000000000026 is an unknown value
RSP=0x0000000008fbbfe0 is pointing into the stack for thread: 0x00000000075e2000
RBP=0x0000000000000000 is an unknown value
RSI=0x0000000000000020 is an unknown value
RDI=0x00000000de023b50 is an unallocated location in the heap
R8 =0x000000005e023fd0 is an unknown value
R9 =0x000000005e297668 is an unknown value
R10=0x0000000064b10388 is an unknown value
R11=0x000000000e072e38 is an unknown value
R12=0x0000000000000000 is an unknown value
R13=0x000000005e297700 is an unknown value
R14=0x000000000b4b13c8 is an unknown value
R15=0x000000005e297668 is an unknown value


Stack: [0x0000000008ec0000,0x0000000008fc0000],  sp=0x0000000008fbbfe0,  free space=1007k
Native frames: (J=compiled Java code, j=interpreted, Vv=VM code, C=native code)


Current CompileTask:
C2:3867978 21960   !   4       java.util.Formatter::format (271 bytes)


---------------  P R O C E S S  ---------------

Java Threads: ( => current thread )
  0x000000000a7b0000 JavaThread "pool-77-thread-1" [_thread_blocked, id=4620, stack(0x00000000656c0000,0x00000000657c0000)]
  0x000000000a7ba000 JavaThread "Cache update executor" [_thread_in_native, id=1348, stack(0x0000000063ef0000,0x0000000063ff0000)]
  0x000000000a7af800 JavaThread "Stdin handler" [_thread_blocked, id=5560, stack(0x0000000060ad0000,0x0000000060bd0000)]
  0x000000000a7ae000 JavaThread "Asynchronous log dispatcher for DefaultDaemonConnection: socket connection from /127.0.0.1:51641 to /127.0.0.1:56927" [_thread_blocked, id=4040, stack(0x0000000062e90000,0x0000000062f90000)]
  0x000000000a7ad000 JavaThread "Daemon worker Thread 14" [_thread_in_native, id=4840, stack(0x0000000063b90000,0x0000000063c90000)]
  0x000000000a7ae800 JavaThread "Cancel handler" [_thread_blocked, id=5828, stack(0x000000000d000000,0x000000000d100000)]
  0x000000000a7ab800 JavaThread "Handler for socket connection from /127.0.0.1:51641 to /127.0.0.1:56927" [_thread_in_native, id=2908, stack(0x000000000ceb0000,0x000000000cfb0000)]
  0x000000000a7b6800 JavaThread "Daemon Thread 14" [_thread_blocked, id=4100, stack(0x000000000cd60000,0x000000000ce60000)]
  0x000000005e975000 JavaThread "pool-6-thread-4" [_thread_blocked, id=1284, stack(0x0000000064360000,0x0000000064460000)]
  0x000000005e973800 JavaThread "pool-6-thread-3" [_thread_blocked, id=5304, stack(0x0000000064020000,0x0000000064120000)]
  0x000000000a7b8800 JavaThread "pool-6-thread-2" [_thread_blocked, id=5716, stack(0x0000000063520000,0x0000000063620000)]
  0x000000000a7b9800 JavaThread "pool-6-thread-1" [_thread_blocked, id=5660, stack(0x0000000063860000,0x0000000063960000)]
  0x000000000a7b5800 JavaThread "pool-2-thread-1" [_thread_blocked, id=4992, stack(0x00000000603c0000,0x00000000604c0000)]
  0x000000000a7b1000 JavaThread "File lock request listener" [_thread_in_native, id=232, stack(0x000000000cb80000,0x000000000cc80000)]
  0x000000000a7ac800 JavaThread "pool-1-thread-1" [_thread_blocked, id=5072, stack(0x000000000ca00000,0x000000000cb00000)]
  0x000000000a7ab000 JavaThread "Incoming local TCP Connector on port 51641" [_thread_in_native, id=2536, stack(0x000000000c400000,0x000000000c500000)]
  0x000000000902b800 JavaThread "Service Thread" daemon [_thread_blocked, id=2356, stack(0x00000000095f0000,0x00000000096f0000)]
  0x00000000075e6800 JavaThread "C1 CompilerThread2" daemon [_thread_blocked, id=3148, stack(0x00000000093c0000,0x00000000094c0000)]
=>0x00000000075e2000 JavaThread "C2 CompilerThread1" daemon [_thread_in_native, id=2488, stack(0x0000000008ec0000,0x0000000008fc0000)]
  0x00000000075dd000 JavaThread "C2 CompilerThread0" daemon [_thread_in_native, id=3152, stack(0x0000000008ca0000,0x0000000008da0000)]
  0x00000000075ee000 JavaThread "Attach Listener" daemon [_thread_blocked, id=4748, stack(0x0000000008b80000,0x0000000008c80000)]
  0x00000000075ec800 JavaThread "Signal Dispatcher" daemon [_thread_blocked, id=4380, stack(0x0000000008a40000,0x0000000008b40000)]
  0x00000000075c7800 JavaThread "Finalizer" daemon [_thread_blocked, id=3172, stack(0x00000000088f0000,0x00000000089f0000)]
  0x0000000007580000 JavaThread "Reference Handler" daemon [_thread_blocked, id=4984, stack(0x0000000008760000,0x0000000008860000)]
  0x000000000241e000 JavaThread "main" [_thread_blocked, id=1256, stack(0x00000000026f0000,0x00000000027f0000)]

Other Threads:
  0x0000000007578800 VMThread [stack: 0x0000000008550000,0x0000000008650000] [id=3960]
  0x000000000902d000 WatcherThread [stack: 0x00000000097a0000,0x00000000098a0000] [id=1548]

VM state:not at safepoint (normal execution)

VM Mutex/Monitor currently owned by a thread: None

Heap:
 PSYoungGen      total 363008K, used 85625K [0x00000000e0000000, 0x00000000fa700000, 0x0000000100000000)
  eden space 353280K, 21% used [0x00000000e0000000,0x00000000e4a953f0,0x00000000f5900000)
  from space 9728K, 95% used [0x00000000f9d80000,0x00000000fa6890e8,0x00000000fa700000)
  to   space 35840K, 0% used [0x00000000f6100000,0x00000000f6100000,0x00000000f8400000)
 ParOldGen       total 133632K, used 75390K [0x00000000a0000000, 0x00000000a8280000, 0x00000000e0000000)
  object space 133632K, 56% used [0x00000000a0000000,0x00000000a499f828,0x00000000a8280000)
 Metaspace       used 74314K, capacity 79202K, committed 79488K, reserved 1118208K
  class space    used 9416K, capacity 10241K, committed 10368K, reserved 1048576K

Card table byte_map: [0x0000000002e80000,0x0000000003190000] byte_map_base: 0x0000000002980000

Marking Bits: (ParMarkBitMap*) 0x000000006df618f0
 Begin Bits: [0x00000000038f0000, 0x00000000050f0000)
 End Bits:   [0x00000000050f0000, 0x00000000068f0000)

Polling page: 0x00000000001d0000

CodeCache: size=245760Kb used=56821Kb max_used=59321Kb free=188939Kb
 bounds [0x000000000f010000, 0x0000000012ad0000, 0x000000001e010000]
 total_blobs=17201 nmethods=16404 adapters=707
 compilation: enabled

Compilation events (10 events):
Event: 3866.586 Thread 0x00000000075e6800 22067       2       com.android.ide.common.res2.GeneratedResourceSet::<init> (72 bytes)
Event: 3866.587 Thread 0x00000000075e6800 nmethod 22067 0x0000000010a58510 code [0x0000000010a586e0, 0x0000000010a58c18]
Event: 3866.597 Thread 0x00000000075e6800 22074   !   2       com.google.common.cache.LocalCache$Segment::runLockedCleanup (39 bytes)
Event: 3866.598 Thread 0x00000000075e6800 nmethod 22074 0x0000000011bf6550 code [0x0000000011bf6700, 0x0000000011bf6a18]
Event: 3866.598 Thread 0x00000000075e6800 22075       2       com.google.common.cache.LocalCache$Segment::runUnlockedCleanup (15 bytes)
Event: 3866.598 Thread 0x00000000075e6800 nmethod 22075 0x0000000011bf6090 code [0x0000000011bf6200, 0x0000000011bf63a8]
Event: 3866.598 Thread 0x00000000075e6800 22076   !   2       com.google.common.cache.LocalCache::processPendingNotifications (47 bytes)
Event: 3866.599 Thread 0x00000000075e6800 nmethod 22076 0x000000000f120ed0 code [0x000000000f121080, 0x000000000f121568]
Event: 3866.615 Thread 0x00000000075e6800 22078       2       com.android.ide.common.res2.GeneratedResourceSet::appendToXml (20 bytes)
Event: 3866.615 Thread 0x00000000075e6800 nmethod 22078 0x0000000010b23d50 code [0x0000000010b23ec0, 0x0000000010b24098]

GC Heap History (10 events):
Event: 3507.029 GC heap before
{Heap before GC invocations=23 (full 3):
 PSYoungGen      total 469504K, used 469484K [0x00000000e0000000, 0x00000000ff800000, 0x0000000100000000)
  eden space 437248K, 100% used [0x00000000e0000000,0x00000000fab00000,0x00000000fab00000)
  from space 32256K, 99% used [0x00000000fbe00000,0x00000000fdd7b188,0x00000000fdd80000)
  to   space 27136K, 0% used [0x00000000fdd80000,0x00000000fdd80000,0x00000000ff800000)
 ParOldGen       total 133632K, used 71638K [0x00000000a0000000, 0x00000000a8280000, 0x00000000e0000000)
  object space 133632K, 53% used [0x00000000a0000000,0x00000000a45f58e8,0x00000000a8280000)
 Metaspace       used 73799K, capacity 78226K, committed 78336K, reserved 1118208K
  class space    used 9367K, capacity 10181K, committed 10240K, reserved 1048576K
Event: 3507.050 GC heap after
Heap after GC invocations=23 (full 3):
 PSYoungGen      total 438784K, used 19961K [0x00000000e0000000, 0x00000000ff100000, 0x0000000100000000)
  eden space 418816K, 0% used [0x00000000e0000000,0x00000000e0000000,0x00000000f9900000)
  from space 19968K, 99% used [0x00000000fdd80000,0x00000000ff0fe540,0x00000000ff100000)
  to   space 37888K, 0% used [0x00000000fa700000,0x00000000fa700000,0x00000000fcc00000)
 ParOldGen       total 133632K, used 75366K [0x00000000a0000000, 0x00000000a8280000, 0x00000000e0000000)
  object space 133632K, 56% used [0x00000000a0000000,0x00000000a4999828,0x00000000a8280000)
 Metaspace       used 73799K, capacity 78226K, committed 78336K, reserved 1118208K
  class space    used 9367K, capacity 10181K, committed 10240K, reserved 1048576K
}
Event: 3508.215 GC heap before
{Heap before GC invocations=24 (full 3):
 PSYoungGen      total 438784K, used 437345K [0x00000000e0000000, 0x00000000ff100000, 0x0000000100000000)
  eden space 418816K, 99% used [0x00000000e0000000,0x00000000f9799ed8,0x00000000f9900000)
  from space 19968K, 99% used [0x00000000fdd80000,0x00000000ff0fe540,0x00000000ff100000)
  to   space 37888K, 0% used [0x00000000fa700000,0x00000000fa700000,0x00000000fcc00000)
 ParOldGen       total 133632K, used 75366K [0x00000000a0000000, 0x00000000a8280000, 0x00000000e0000000)
  object space 133632K, 56% used [0x00000000a0000000,0x00000000a4999828,0x00000000a8280000)
 Metaspace       used 73826K, capacity 78226K, committed 78336K, reserved 1118208K
  class space    used 9367K, capacity 10181K, committed 10240K, reserved 1048576K
Event: 3508.234 GC heap after
Heap after GC invocations=24 (full 3):
 PSYoungGen      total 427520K, used 25982K [0x00000000e0000000, 0x00000000fde00000, 0x0000000100000000)
  eden space 401408K, 0% used [0x00000000e0000000,0x00000000e0000000,0x00000000f8800000)
  from space 26112K, 99% used [0x00000000fa700000,0x00000000fc05f978,0x00000000fc080000)
  to   space 30208K, 0% used [0x00000000fc080000,0x00000000fc080000,0x00000000fde00000)
 ParOldGen       total 133632K, used 75366K [0x00000000a0000000, 0x00000000a8280000, 0x00000000e0000000)
  object space 133632K, 56% used [0x00000000a0000000,0x00000000a4999828,0x00000000a8280000)
 Metaspace       used 73826K, capacity 78226K, committed 78336K, reserved 1118208K
  class space    used 9367K, capacity 10181K, committed 10240K, reserved 1048576K
}
Event: 3702.276 GC heap before
{Heap before GC invocations=25 (full 3):
 PSYoungGen      total 427520K, used 427390K [0x00000000e0000000, 0x00000000fde00000, 0x0000000100000000)
  eden space 401408K, 100% used [0x00000000e0000000,0x00000000f8800000,0x00000000f8800000)
  from space 26112K, 99% used [0x00000000fa700000,0x00000000fc05f978,0x00000000fc080000)
  to   space 30208K, 0% used [0x00000000fc080000,0x00000000fc080000,0x00000000fde00000)
 ParOldGen       total 133632K, used 75366K [0x00000000a0000000, 0x00000000a8280000, 0x00000000e0000000)
  object space 133632K, 56% used [0x00000000a0000000,0x00000000a4999828,0x00000000a8280000)
 Metaspace       used 74050K, capacity 78540K, committed 78592K, reserved 1118208K
  class space    used 9383K, capacity 10198K, committed 10240K, reserved 1048576K
Event: 3702.304 GC heap after
Heap after GC invocations=25 (full 3):
 PSYoungGen      total 404992K, used 20268K [0x00000000e0000000, 0x00000000fd480000, 0x0000000100000000)
  eden space 384512K, 0% used [0x00000000e0000000,0x00000000e0000000,0x00000000f7780000)
  from space 20480K, 98% used [0x00000000fc080000,0x00000000fd44b360,0x00000000fd480000)
  to   space 37888K, 0% used [0x00000000f8a80000,0x00000000f8a80000,0x00000000faf80000)
 ParOldGen       total 133632K, used 75374K [0x00000000a0000000, 0x00000000a8280000, 0x00000000e0000000)
  object space 133632K, 56% used [0x00000000a0000000,0x00000000a499b828,0x00000000a8280000)
 Metaspace       used 74050K, capacity 78540K, committed 78592K, reserved 1118208K
  class space    used 9383K, capacity 10198K, committed 10240K, reserved 1048576K
}
Event: 3704.146 GC heap before
{Heap before GC invocations=26 (full 3):
 PSYoungGen      total 404992K, used 397894K [0x00000000e0000000, 0x00000000fd480000, 0x0000000100000000)
  eden space 384512K, 98% used [0x00000000e0000000,0x00000000f70c6878,0x00000000f7780000)
  from space 20480K, 98% used [0x00000000fc080000,0x00000000fd44b360,0x00000000fd480000)
  to   space 37888K, 0% used [0x00000000f8a80000,0x00000000f8a80000,0x00000000faf80000)
 ParOldGen       total 133632K, used 75374K [0x00000000a0000000, 0x00000000a8280000, 0x00000000e0000000)
  object space 133632K, 56% used [0x00000000a0000000,0x00000000a499b828,0x00000000a8280000)
 Metaspace       used 74091K, capacity 78674K, committed 78848K, reserved 1118208K
  class space    used 9384K, capacity 10199K, committed 10240K, reserved 1048576K
Event: 3704.165 GC heap after
Heap after GC invocations=26 (full 3):
 PSYoungGen      total 386560K, used 17419K [0x00000000e0000000, 0x00000000fc100000, 0x0000000100000000)
  eden space 368640K, 0% used [0x00000000e0000000,0x00000000e0000000,0x00000000f6800000)
  from space 17920K, 97% used [0x00000000f8a80000,0x00000000f9b82f48,0x00000000f9c00000)
  to   space 36352K, 0% used [0x00000000f9d80000,0x00000000f9d80000,0x00000000fc100000)
 ParOldGen       total 133632K, used 75382K [0x00000000a0000000, 0x00000000a8280000, 0x00000000e0000000)
  object space 133632K, 56% used [0x00000000a0000000,0x00000000a499d828,0x00000000a8280000)
 Metaspace       used 74091K, capacity 78674K, committed 78848K, reserved 1118208K
  class space    used 9384K, capacity 10199K, committed 10240K, reserved 1048576K
}
Event: 3866.091 GC heap before
{Heap before GC invocations=27 (full 3):
 PSYoungGen      total 386560K, used 386059K [0x00000000e0000000, 0x00000000fc100000, 0x0000000100000000)
  eden space 368640K, 100% used [0x00000000e0000000,0x00000000f6800000,0x00000000f6800000)
  from space 17920K, 97% used [0x00000000f8a80000,0x00000000f9b82f48,0x00000000f9c00000)
  to   space 36352K, 0% used [0x00000000f9d80000,0x00000000f9d80000,0x00000000fc100000)
 ParOldGen       total 133632K, used 75382K [0x00000000a0000000, 0x00000000a8280000, 0x00000000e0000000)
  object space 133632K, 56% used [0x00000000a0000000,0x00000000a499d828,0x00000000a8280000)
 Metaspace       used 74265K, capacity 79096K, committed 79104K, reserved 1118208K
  class space    used 9412K, capacity 10234K, committed 10240K, reserved 1048576K
Event: 3866.105 GC heap after
Heap after GC invocations=27 (full 3):
 PSYoungGen      total 363008K, used 9252K [0x00000000e0000000, 0x00000000fa700000, 0x0000000100000000)
  eden space 353280K, 0% used [0x00000000e0000000,0x00000000e0000000,0x00000000f5900000)
  from space 9728K, 95% used [0x00000000f9d80000,0x00000000fa6890e8,0x00000000fa700000)
  to   space 35840K, 0% used [0x00000000f6100000,0x00000000f6100000,0x00000000f8400000)
 ParOldGen       total 133632K, used 75390K [0x00000000a0000000, 0x00000000a8280000, 0x00000000e0000000)
  object space 133632K, 56% used [0x00000000a0000000,0x00000000a499f828,0x00000000a8280000)
 Metaspace       used 74265K, capacity 79096K, committed 79104K, reserved 1118208K
  class space    used 9412K, capacity 10234K, committed 10240K, reserved 1048576K
}

Deoptimization events (10 events):
Event: 3507.146 Thread 0x000000005e973800 Uncommon trap: reason=array_check action=maybe_recompile pc=0x000000000f179a74 method=java.util.TimSort.binarySort([Ljava/lang/Object;IIILjava/util/Comparator;)V @ 183
Event: 3507.152 Thread 0x000000005e973800 Uncommon trap: reason=array_check action=maybe_recompile pc=0x000000000f179994 method=java.util.TimSort.binarySort([Ljava/lang/Object;IIILjava/util/Comparator;)V @ 193
Event: 3507.152 Thread 0x000000005e973800 Uncommon trap: reason=array_check action=maybe_recompile pc=0x000000000f179994 method=java.util.TimSort.binarySort([Ljava/lang/Object;IIILjava/util/Comparator;)V @ 193
Event: 3702.305 Thread 0x000000000a7ae800 Uncommon trap: reason=null_check action=make_not_entrant pc=0x000000000f26ee60 method=com.sun.tools.javac.util.UnsharedNameTable.fromUtf([BII)Lcom/sun/tools/javac/util/Name; @ 50
Event: 3702.975 Thread 0x000000000a7b9800 Uncommon trap: reason=array_check action=maybe_recompile pc=0x000000001206f800 method=java.util.TimSort.reverseRange([Ljava/lang/Object;II)V @ 20
Event: 3702.980 Thread 0x000000000a7b9800 Uncommon trap: reason=array_check action=maybe_recompile pc=0x000000001206f800 method=java.util.TimSort.reverseRange([Ljava/lang/Object;II)V @ 20
Event: 3702.990 Thread 0x000000000a7b9800 Uncommon trap: reason=array_check action=maybe_recompile pc=0x000000001206f800 method=java.util.TimSort.reverseRange([Ljava/lang/Object;II)V @ 20
Event: 3702.992 Thread 0x000000000a7b9800 Uncommon trap: reason=array_check action=maybe_recompile pc=0x000000001206f800 method=java.util.TimSort.reverseRange([Ljava/lang/Object;II)V @ 20
Event: 3703.696 Thread 0x000000000a7b8800 Uncommon trap: reason=array_check action=maybe_recompile pc=0x000000001298976c method=java.util.TimSort.reverseRange([Ljava/lang/Object;II)V @ 27
Event: 3703.873 Thread 0x000000000a7b8800 Uncommon trap: reason=array_check action=maybe_recompile pc=0x000000001298976c method=java.util.TimSort.reverseRange([Ljava/lang/Object;II)V @ 27

Internal exceptions (10 events):
Event: 3866.213 Thread 0x000000000a7ad000 Exception <a 'sun/nio/fs/WindowsException'> (0x00000000e07ecff0) thrown at [C:\src\android\AOSP-openjdk\external\jetbrains\jdk\hotspot\src\share\vm\prims\jni.cpp, line 709]
Event: 3866.213 Thread 0x000000000a7ad000 Exception <a 'sun/nio/fs/WindowsException'> (0x00000000e07edbf0) thrown at [C:\src\android\AOSP-openjdk\external\jetbrains\jdk\hotspot\src\share\vm\prims\jni.cpp, line 709]
Event: 3866.213 Thread 0x000000000a7ad000 Exception <a 'sun/nio/fs/WindowsException'> (0x00000000e07f0700) thrown at [C:\src\android\AOSP-openjdk\external\jetbrains\jdk\hotspot\src\share\vm\prims\jni.cpp, line 709]
Event: 3866.213 Thread 0x000000000a7ad000 Exception <a 'sun/nio/fs/WindowsException'> (0x00000000e07f1330) thrown at [C:\src\android\AOSP-openjdk\external\jetbrains\jdk\hotspot\src\share\vm\prims\jni.cpp, line 709]
Event: 3866.213 Thread 0x000000000a7ad000 Exception <a 'sun/nio/fs/WindowsException'> (0x00000000e07f2f98) thrown at [C:\src\android\AOSP-openjdk\external\jetbrains\jdk\hotspot\src\share\vm\prims\jni.cpp, line 709]
Event: 3866.213 Thread 0x000000000a7ad000 Exception <a 'sun/nio/fs/WindowsException'> (0x00000000e07f3c08) thrown at [C:\src\android\AOSP-openjdk\external\jetbrains\jdk\hotspot\src\share\vm\prims\jni.cpp, line 709]
Event: 3866.213 Thread 0x000000000a7ad000 Exception <a 'sun/nio/fs/WindowsException'> (0x00000000e07f68e8) thrown at [C:\src\android\AOSP-openjdk\external\jetbrains\jdk\hotspot\src\share\vm\prims\jni.cpp, line 709]
Event: 3866.213 Thread 0x000000000a7ad000 Exception <a 'sun/nio/fs/WindowsException'> (0x00000000e07f7590) thrown at [C:\src\android\AOSP-openjdk\external\jetbrains\jdk\hotspot\src\share\vm\prims\jni.cpp, line 709]
Event: 3866.213 Thread 0x000000000a7ad000 Exception <a 'sun/nio/fs/WindowsException'> (0x00000000e07f9270) thrown at [C:\src\android\AOSP-openjdk\external\jetbrains\jdk\hotspot\src\share\vm\prims\jni.cpp, line 709]
Event: 3866.213 Thread 0x000000000a7ad000 Exception <a 'sun/nio/fs/WindowsException'> (0x00000000e07f9f58) thrown at [C:\src\android\AOSP-openjdk\external\jetbrains\jdk\hotspot\src\share\vm\prims\jni.cpp, line 709]

Events (10 events):
Event: 3866.263 Thread 0x00000000075e6800 flushing nmethod 0x0000000012977c50
Event: 3866.263 Thread 0x00000000075e6800 flushing nmethod 0x0000000012a03690
Event: 3866.263 Thread 0x00000000075e6800 flushing nmethod 0x0000000012a09bd0
Event: 3866.263 Thread 0x00000000075e6800 flushing nmethod 0x0000000012a0e810
Event: 3866.403 Thread 0x000000000a7ba000 Thread added: 0x000000000a7ba000
Event: 3866.416 Thread 0x000000000a7ad000 DEOPT PACKING pc=0x000000000fbc2e0e sp=0x0000000063c8b4f0
Event: 3866.416 Thread 0x000000000a7ad000 DEOPT UNPACKING pc=0x000000000f0575bf sp=0x0000000063c8b410 mode 0
Event: 3866.553 Executing VM operation: RevokeBias
Event: 3866.553 Executing VM operation: RevokeBias done
Event: 3866.600 Thread 0x000000000a7b0000 Thread added: 0x000000000a7b0000


Dynamic libraries:
0x000000013fa60000 - 0x000000013fa91000 	C:\Program Files\Android\Android Studio\jre\bin\java.exe
0x0000000077150000 - 0x00000000772f9000 	C:\Windows\SYSTEM32\ntdll.dll
0x0000000076f30000 - 0x000000007704f000 	C:\Windows\system32\kernel32.dll
0x000007fefcf40000 - 0x000007fefcfab000 	C:\Windows\system32\KERNELBASE.dll
0x000007fefeda0000 - 0x000007fefee7b000 	C:\Windows\system32\ADVAPI32.dll
0x000007fefe130000 - 0x000007fefe1cf000 	C:\Windows\system32\msvcrt.dll
0x000007fefd360000 - 0x000007fefd37f000 	C:\Windows\SYSTEM32\sechost.dll
0x000007feff330000 - 0x000007feff45d000 	C:\Windows\system32\RPCRT4.dll
0x0000000077050000 - 0x000000007714a000 	C:\Windows\system32\USER32.dll
0x000007fefee90000 - 0x000007fefeef7000 	C:\Windows\system32\GDI32.dll
0x000007feff320000 - 0x000007feff32e000 	C:\Windows\system32\LPK.dll
0x000007fefe980000 - 0x000007fefea49000 	C:\Windows\system32\USP10.dll
0x000007fefb4e0000 - 0x000007fefb6d4000 	C:\Windows\WinSxS\amd64_microsoft.windows.common-controls_6595b64144ccf1df_6.0.7601.17514_none_fa396087175ac9ac\COMCTL32.dll
0x000007fefe900000 - 0x000007fefe971000 	C:\Windows\system32\SHLWAPI.dll
0x000007fefccf0000 - 0x000007fefcd47000 	C:\Windows\system32\apphelp.dll
0x000007fef9db0000 - 0x000007fef9e01000 	C:\Windows\AppPatch\AppPatch64\AcGenral.DLL
0x000007fefcc40000 - 0x000007fefcc65000 	C:\Windows\system32\SspiCli.dll
0x000007fefe1d0000 - 0x000007fefe3d3000 	C:\Windows\system32\ole32.dll
0x000007fefd3a0000 - 0x000007fefe128000 	C:\Windows\system32\SHELL32.dll
0x000000006f570000 - 0x000000006f573000 	C:\Windows\system32\sfc.dll
0x000007feec140000 - 0x000007feec150000 	C:\Windows\system32\sfc_os.DLL
0x000007fefcf20000 - 0x000007fefcf3e000 	C:\Windows\system32\USERENV.dll
0x000007fefcf10000 - 0x000007fefcf1f000 	C:\Windows\system32\profapi.dll
0x000007fefb030000 - 0x000007fefb048000 	C:\Windows\system32\dwmapi.dll
0x000007fef82f0000 - 0x000007fef8308000 	C:\Windows\system32\MPR.dll
0x000007fefef00000 - 0x000007fefef2e000 	C:\Windows\system32\IMM32.DLL
0x000007fefe4c0000 - 0x000007fefe5c9000 	C:\Windows\system32\MSCTF.dll
0x000007fefce00000 - 0x000007fefce31000 	C:\Windows\system32\nvinitx.dll
0x000007fefcea0000 - 0x000007fefceac000 	C:\Windows\system32\VERSION.dll
0x000000000f000000 - 0x000000000f006000 	C:\Program Files\NVIDIA Corporation\CoProcManager\detoured.dll
0x000007fef9950000 - 0x000007fef9981000 	C:\Program Files\NVIDIA Corporation\CoProcManager\nvd3d9wrapx.dll
0x000007fefea50000 - 0x000007fefec27000 	C:\Windows\system32\SETUPAPI.dll
0x000007fefd1e0000 - 0x000007fefd216000 	C:\Windows\system32\CFGMGR32.dll
0x000007fefe3e0000 - 0x000007fefe4b7000 	C:\Windows\system32\OLEAUT32.dll
0x000007fefcfd0000 - 0x000007fefcfea000 	C:\Windows\system32\DEVOBJ.dll
0x000007fef9920000 - 0x000007fef9942000 	C:\Program Files\NVIDIA Corporation\CoProcManager\nvdxgiwrapx.dll
0x000000006f320000 - 0x000000006f3f2000 	C:\Program Files\Android\Android Studio\jre\jre\bin\msvcr100.dll
0x000000006d7a0000 - 0x000000006dfdc000 	C:\Program Files\Android\Android Studio\jre\jre\bin\server\jvm.dll
0x000007fefa9b0000 - 0x000007fefa9b9000 	C:\Windows\system32\WSOCK32.dll
0x000007fefecb0000 - 0x000007fefecfd000 	C:\Windows\system32\WS2_32.dll
0x000007fefee80000 - 0x000007fefee88000 	C:\Windows\system32\NSI.dll
0x000007fefad70000 - 0x000007fefadab000 	C:\Windows\system32\WINMM.dll
0x0000000077310000 - 0x0000000077317000 	C:\Windows\system32\PSAPI.DLL
0x000007fefb480000 - 0x000007fefb48f000 	C:\Program Files\Android\Android Studio\jre\jre\bin\verify.dll
0x000007fefa260000 - 0x000007fefa289000 	C:\Program Files\Android\Android Studio\jre\jre\bin\java.dll
0x000007fefa240000 - 0x000007fefa256000 	C:\Program Files\Android\Android Studio\jre\jre\bin\zip.dll
0x000007fefa990000 - 0x000007fefa9aa000 	C:\Program Files\Android\Android Studio\jre\jre\bin\net.dll
0x000007fefc7d0000 - 0x000007fefc825000 	C:\Windows\system32\mswsock.dll
0x000007fefc7c0000 - 0x000007fefc7c7000 	C:\Windows\System32\wship6.dll
0x000007fef9d90000 - 0x000007fef9da1000 	C:\Program Files\Android\Android Studio\jre\jre\bin\nio.dll
0x000007fef9c20000 - 0x000007fef9c3e000 	C:\Users\Administrator\.gradle\native\23\windows-amd64\native-platform.dll
0x000007fefc830000 - 0x000007fefc847000 	C:\Windows\system32\CRYPTSP.dll
0x000007fefc450000 - 0x000007fefc497000 	C:\Windows\system32\rsaenh.dll
0x000007fefcd50000 - 0x000007fefcd5f000 	C:\Windows\system32\CRYPTBASE.dll
0x000007fef9590000 - 0x000007fef95b7000 	C:\Windows\system32\IPHLPAPI.DLL
0x000007fef9600000 - 0x000007fef960b000 	C:\Windows\system32\WINNSI.DLL
0x000007fef9450000 - 0x000007fef9468000 	C:\Windows\system32\dhcpcsvc.DLL
0x000007fef9430000 - 0x000007fef9441000 	C:\Windows\system32\dhcpcsvc6.DLL
0x000007fefa230000 - 0x000007fefa23d000 	C:\Program Files\Android\Android Studio\jre\jre\bin\management.dll
0x000007fee7560000 - 0x000007fee7685000 	C:\Windows\system32\dbghelp.dll

VM Arguments:
jvm_args: -Xmx1536m -Dfile.encoding=windows-1252 -Duser.country=US -Duser.language=en -Duser.variant 
java_command: org.gradle.launcher.daemon.bootstrap.GradleDaemon 3.3
java_class_path (initial): C:\Users\Administrator\.gradle\wrapper\dists\gradle-3.3-all\55gk2rcmfc6p2dg9u9ohc3hw9\gradle-3.3\lib\gradle-launcher-3.3.jar
Launcher Type: SUN_STANDARD

Environment Variables:
PATH=C:\ProgramData\Oracle\Java\javapath;C:\Windows\system32;C:\Windows;C:\Windows\System32\Wbem;C:\Windows\System32\WindowsPowerShell\v1.0\;C:\Program Files (x86)\NVIDIA Corporation\PhysX\Common;C:\Program Files (x86)\Windows Kits\8.1\Windows Performance Toolkit\;C:\Program Files\Microsoft SQL Server\110\Tools\Binn\;C:\Program Files\Git\cmd;C:\Program Files\Microsoft SQL Server\110\DTS\Binn\;C:\Program Files (x86)\Microsoft SQL Server\110\Tools\Binn\;C:\Program Files (x86)\Microsoft SQL Server\110\Tools\Binn\ManagementStudio\;C:\Program Files (x86)\Microsoft Visual Studio 10.0\Common7\IDE\PrivateAssemblies\;C:\Program Files (x86)\Microsoft SQL Server\110\DTS\Binn\
USERNAME=Administrator
OS=Windows_NT
PROCESSOR_IDENTIFIER=Intel64 Family 6 Model 69 Stepping 1, GenuineIntel



---------------  S Y S T E M  ---------------

OS: Windows 7 , 64 bit Build 7601 (6.1.7601.18015)

CPU:total 4 (2 cores per cpu, 2 threads per core) family 6 model 69 stepping 1, cmov, cx8, fxsr, mmx, sse, sse2, sse3, ssse3, sse4.1, sse4.2, popcnt, avx, avx2, aes, clmul, erms, lzcnt, ht, tsc, tscinvbit, bmi1, bmi2

Memory: 4k page, physical 8290128k(985980k free), swap 16578392k(8225092k free)

vm_info: OpenJDK 64-Bit Server VM (25.112-b06) for windows-amd64 JRE (1.8.0_112-release-b06), built on Dec  8 2016 00:54:26 by "builder" with MS VC++ 10.0 (VS2010)

time: Sun Mar 26 15:05:25 2017
elapsed time: 3866 seconds (0d 1h 4m 26s)

